14:31:20.881 [main]  INFO  com.intuit.karate - Karate version: 1.4.1
14:31:21.892 [main]  DEBUG com.intuit.karate - request:
1 > GET https://petstore.swagger.io/v2/pet/findByStatus?status=sold
1 > Host: petstore.swagger.io
1 > Connection: Keep-Alive
1 > User-Agent: Apache-HttpClient/4.5.14 (Java/17.0.11)
1 > Accept-Encoding: gzip,deflate


14:31:22.581 [main]  DEBUG com.intuit.karate - response time in milliseconds: 689
1 < 200
1 < Date: Thu, 09 May 2024 12:31:22 GMT
1 < Content-Type: application/json
1 < Transfer-Encoding: chunked
1 < Connection: keep-alive
1 < Access-Control-Allow-Origin: *
1 < Access-Control-Allow-Methods: GET, POST, DELETE, PUT
1 < Access-Control-Allow-Headers: Content-Type, api_key, Authorization
1 < Server: Jetty(9.2.9.v20150224)
[{"id":9222968140497181129,"category":{"id":7,"name":"frog"},"name":"Eldon","photoUrls":["ipsam_quo\\possimus.flac"],"tags":[{"id":2,"name":"est"}],"status":"sold"},{"id":789654123,"category":{"id":0,"name":"?????"},"name":"????","photoUrls":["string"],"tags":[{"id":0,"name":"string"}],"status":"sold"},{"id":7,"category":{"id":0,"name":"mosquito"},"name":"tutu","photoUrls":["rem_ipsam\\consectetur.mov"],"tags":[{"id":8,"name":"minus"}],"status":"sold"},{"id":9222968140497181172,"category":{"id":0,"name":"AntonioPet"},"name":"rabbit","photoUrls":["string"],"tags":[{"id":0,"name":"string"}],"status":"sold"},{"id":9222968140497182141,"category":{"id":0,"name":"AntonioPet"},"name":"rabbit","photoUrls":["string"],"tags":[{"id":0,"name":"string"}],"status":"sold"},{"id":9222968140497182142,"category":{"id":0,"name":"AntonioPet"},"name":"rabbit","photoUrls":["string"],"tags":[{"id":0,"name":"string"}],"status":"sold"},{"id":9222968140497182143,"category":{"id":0,"name":"AntonioPet"},"name":"rabbit","photoUrls":["string"],"tags":[{"id":0,"name":"string"}],"status":"sold"},{"id":666,"category":{"id":1,"name":"test_category"},"name":"Potylchak Veronika","photoUrls":["https: //avatars.dzeninfra.ru/get-zen_doc/1567788/pub_5e2ad90dbd639600b2098ec4_5e2ad947c05c7100ae2292c7/scale_1200","https: //cdn.fishki.net/upload/post/2017/08/31/2369165/wallpaper-strange-funny-weird-crazy-absurd-awesome-259.jpg"],"tags":[],"status":"sold"},{"id":86,"name":"sold","status":"sold"},{"id":162623,"category":{"id":0,"name":"mount"},"name":"Johnathan","photoUrls":["urlOne","urlTwo"],"tags":[{"id":0,"name":"Familiar"},{"id":1,"name":"Spite"}],"status":"sold"}]

14:31:22.953 [main]  INFO  com.intuit.karate.Suite - <<pass>> feature 1 of 1 (0 remaining) karate/pet_by_status.feature
14:31:30.813 [main]  INFO  com.intuit.karate - Karate version: 1.4.1
14:31:31.033 [main]  INFO  com.intuit.karate.Suite - backed up existing 'target\karate-reports' dir to: target\karate-reports_1715257891031
14:31:31.787 [main]  DEBUG com.intuit.karate - request:
1 > POST https://petstore.swagger.io/v2/user
1 > Content-Type: application/json; charset=UTF-8
1 > Content-Length: 146
1 > Host: petstore.swagger.io
1 > Connection: Keep-Alive
1 > User-Agent: Apache-HttpClient/4.5.14 (Java/17.0.11)
1 > Accept-Encoding: gzip,deflate
{"id":0,"username":"newuser","firstName":"new","lastName":"user","email":"newuser@email.com","password":"1234","phone":"666666666","userStatus":0}

14:31:32.384 [main]  DEBUG com.intuit.karate - response time in milliseconds: 597
1 < 200
1 < Date: Thu, 09 May 2024 12:31:32 GMT
1 < Content-Type: application/json
1 < Transfer-Encoding: chunked
1 < Connection: keep-alive
1 < Access-Control-Allow-Origin: *
1 < Access-Control-Allow-Methods: GET, POST, DELETE, PUT
1 < Access-Control-Allow-Headers: Content-Type, api_key, Authorization
1 < Server: Jetty(9.2.9.v20150224)
{"code":200,"type":"unknown","message":"9223372036854775807"}

14:31:32.391 [main]  DEBUG com.intuit.karate - request:
1 > GET https://petstore.swagger.io/v2/user/newuser
1 > Host: petstore.swagger.io
1 > Connection: Keep-Alive
1 > User-Agent: Apache-HttpClient/4.5.14 (Java/17.0.11)
1 > Accept-Encoding: gzip,deflate


14:31:32.749 [main]  DEBUG com.intuit.karate - response time in milliseconds: 358
1 < 200
1 < Date: Thu, 09 May 2024 12:31:32 GMT
1 < Content-Type: application/json
1 < Transfer-Encoding: chunked
1 < Connection: keep-alive
1 < Access-Control-Allow-Origin: *
1 < Access-Control-Allow-Methods: GET, POST, DELETE, PUT
1 < Access-Control-Allow-Headers: Content-Type, api_key, Authorization
1 < Server: Jetty(9.2.9.v20150224)
{"id":9223372036854775807,"username":"newuser","firstName":"new","lastName":"user","email":"newuser@email.com","password":"1234","phone":"666666666","userStatus":0}

14:31:33.063 [main]  INFO  com.intuit.karate.Suite - <<pass>> feature 1 of 2 (0 remaining) karate/create_new_user.feature
14:31:33.088 [main]  DEBUG com.intuit.karate - request:
1 > GET https://petstore.swagger.io/v2/pet/findByStatus?status=sold
1 > Host: petstore.swagger.io
1 > Connection: Keep-Alive
1 > User-Agent: Apache-HttpClient/4.5.14 (Java/17.0.11)
1 > Accept-Encoding: gzip,deflate


14:31:33.466 [main]  DEBUG com.intuit.karate - response time in milliseconds: 373
1 < 200
1 < Date: Thu, 09 May 2024 12:31:33 GMT
1 < Content-Type: application/json
1 < Transfer-Encoding: chunked
1 < Connection: keep-alive
1 < Access-Control-Allow-Origin: *
1 < Access-Control-Allow-Methods: GET, POST, DELETE, PUT
1 < Access-Control-Allow-Headers: Content-Type, api_key, Authorization
1 < Server: Jetty(9.2.9.v20150224)
[{"id":9222968140497181129,"category":{"id":7,"name":"frog"},"name":"Eldon","photoUrls":["ipsam_quo\\possimus.flac"],"tags":[{"id":2,"name":"est"}],"status":"sold"},{"id":789654123,"category":{"id":0,"name":"?????"},"name":"????","photoUrls":["string"],"tags":[{"id":0,"name":"string"}],"status":"sold"},{"id":9222968140497181172,"category":{"id":0,"name":"AntonioPet"},"name":"rabbit","photoUrls":["string"],"tags":[{"id":0,"name":"string"}],"status":"sold"},{"id":9222968140497182141,"category":{"id":0,"name":"AntonioPet"},"name":"rabbit","photoUrls":["string"],"tags":[{"id":0,"name":"string"}],"status":"sold"},{"id":9222968140497182142,"category":{"id":0,"name":"AntonioPet"},"name":"rabbit","photoUrls":["string"],"tags":[{"id":0,"name":"string"}],"status":"sold"},{"id":9222968140497182143,"category":{"id":0,"name":"AntonioPet"},"name":"rabbit","photoUrls":["string"],"tags":[{"id":0,"name":"string"}],"status":"sold"},{"id":666,"category":{"id":1,"name":"test_category"},"name":"Potylchak Veronika","photoUrls":["https: //avatars.dzeninfra.ru/get-zen_doc/1567788/pub_5e2ad90dbd639600b2098ec4_5e2ad947c05c7100ae2292c7/scale_1200","https: //cdn.fishki.net/upload/post/2017/08/31/2369165/wallpaper-strange-funny-weird-crazy-absurd-awesome-259.jpg"],"tags":[],"status":"sold"},{"id":86,"name":"sold","status":"sold"},{"id":162623,"category":{"id":0,"name":"mount"},"name":"Johnathan","photoUrls":["urlOne","urlTwo"],"tags":[{"id":0,"name":"Familiar"},{"id":1,"name":"Spite"}],"status":"sold"}]

14:31:33.556 [main]  INFO  com.intuit.karate.Suite - <<pass>> feature 2 of 2 (0 remaining) karate/pet_by_status.feature
14:31:33.557 [main]  DEBUG com.intuit.karate.Suite - waiting for 2 features to complete
